<?xml version="1.0" encoding="UTF-8"?>
<!-- Generated by org.testng.reporters.JUnitReportReporter -->
<testsuite skipped="0" hostname="LAPTOP-K89V8EFM" name="org.testleaf.zoomcar.testcases.TC001_GetCarName" tests="1" failures="0" timestamp="08 Sep 2019 10:12:18 GMT" time="14.218" errors="0">
  <testcase name="runTC001" time="14.218" classname="org.testleaf.zoomcar.testcases.TC001_GetCarName"/>
</testsuite> <!-- org.testleaf.zoomcar.testcases.TC001_GetCarName -->
